C:\USERS\GEORGE\DOCUMENTS\GITHUB\GAMESPROGRAMMING1\MATCHERPROJECTV2.1\DEBUG\MATCHERPROJECT.EXE
C:\USERS\GEORGE\DOCUMENTS\GITHUB\GAMESPROGRAMMING1\MATCHERPROJECTV2.1\DEBUG\MATCHERPROJECT.ILK
C:\USERS\GEORGE\DOCUMENTS\GITHUB\GAMESPROGRAMMING1\MATCHERPROJECTV2.1\DEBUG\MATCHERPROJECT.PDB
C:\USERS\GEORGE\DOCUMENTS\GITHUB\GAMESPROGRAMMING1\MATCHERPROJECTV2.1\MATCHERPROJECT\DEBUG\CD3DMANAGER.OBJ
C:\USERS\GEORGE\DOCUMENTS\GITHUB\GAMESPROGRAMMING1\MATCHERPROJECTV2.1\MATCHERPROJECT\DEBUG\CD3DXFONT.OBJ
C:\USERS\GEORGE\DOCUMENTS\GITHUB\GAMESPROGRAMMING1\MATCHERPROJECTV2.1\MATCHERPROJECT\DEBUG\CD3DXSPRITEMGR.OBJ
C:\USERS\GEORGE\DOCUMENTS\GITHUB\GAMESPROGRAMMING1\MATCHERPROJECTV2.1\MATCHERPROJECT\DEBUG\CD3DXTEXTURE.OBJ
C:\USERS\GEORGE\DOCUMENTS\GITHUB\GAMESPROGRAMMING1\MATCHERPROJECTV2.1\MATCHERPROJECT\DEBUG\CDETECTOR.OBJ
C:\USERS\GEORGE\DOCUMENTS\GITHUB\GAMESPROGRAMMING1\MATCHERPROJECTV2.1\MATCHERPROJECT\DEBUG\CENEMY.OBJ
C:\USERS\GEORGE\DOCUMENTS\GITHUB\GAMESPROGRAMMING1\MATCHERPROJECTV2.1\MATCHERPROJECT\DEBUG\CEXPLOSION.OBJ
C:\Users\George\Documents\GitHub\GamesProgramming1\matcherProjectv2.1\matcherProject\Debug\cl.command.1.tlog
C:\Users\George\Documents\GitHub\GamesProgramming1\matcherProjectv2.1\matcherProject\Debug\CL.read.1.tlog
C:\Users\George\Documents\GitHub\GamesProgramming1\matcherProjectv2.1\matcherProject\Debug\CL.write.1.tlog
C:\USERS\GEORGE\DOCUMENTS\GITHUB\GAMESPROGRAMMING1\MATCHERPROJECTV2.1\MATCHERPROJECT\DEBUG\CSPRITE.OBJ
C:\USERS\GEORGE\DOCUMENTS\GITHUB\GAMESPROGRAMMING1\MATCHERPROJECTV2.1\MATCHERPROJECT\DEBUG\CWEEMAN.OBJ
C:\USERS\GEORGE\DOCUMENTS\GITHUB\GAMESPROGRAMMING1\MATCHERPROJECTV2.1\MATCHERPROJECT\DEBUG\CXAUDIO.OBJ
C:\USERS\GEORGE\DOCUMENTS\GITHUB\GAMESPROGRAMMING1\MATCHERPROJECTV2.1\MATCHERPROJECT\DEBUG\CXBOXCONTROLLER.OBJ
C:\USERS\GEORGE\DOCUMENTS\GITHUB\GAMESPROGRAMMING1\MATCHERPROJECTV2.1\MATCHERPROJECT\DEBUG\GAMERESOURCES.RES
C:\Users\George\Documents\GitHub\GamesProgramming1\matcherProjectv2.1\matcherProject\Debug\link.command.1.tlog
C:\Users\George\Documents\GitHub\GamesProgramming1\matcherProjectv2.1\matcherProject\Debug\link.read.1.tlog
C:\Users\George\Documents\GitHub\GamesProgramming1\matcherProjectv2.1\matcherProject\Debug\link.read.2.tlog
C:\Users\George\Documents\GitHub\GamesProgramming1\matcherProjectv2.1\matcherProject\Debug\link.write.1.tlog
C:\Users\George\Documents\GitHub\GamesProgramming1\matcherProjectv2.1\matcherProject\Debug\link-cvtres.read.1.tlog
C:\Users\George\Documents\GitHub\GamesProgramming1\matcherProjectv2.1\matcherProject\Debug\link-cvtres.write.1.tlog
C:\USERS\GEORGE\DOCUMENTS\GITHUB\GAMESPROGRAMMING1\MATCHERPROJECTV2.1\MATCHERPROJECT\DEBUG\MAIN.OBJ
C:\Users\George\Documents\GitHub\GamesProgramming1\matcherProjectv2.1\matcherProject\Debug\matcherProject.vcxprojResolveAssemblyReference.cache
C:\Users\George\Documents\GitHub\GamesProgramming1\matcherProjectv2.1\matcherProject\Debug\matcherProject.write.1.tlog
C:\Users\George\Documents\GitHub\GamesProgramming1\matcherProjectv2.1\matcherProject\Debug\rc.command.1.tlog
C:\Users\George\Documents\GitHub\GamesProgramming1\matcherProjectv2.1\matcherProject\Debug\rc.read.1.tlog
C:\Users\George\Documents\GitHub\GamesProgramming1\matcherProjectv2.1\matcherProject\Debug\rc.write.1.tlog
C:\Users\George\Documents\GitHub\GamesProgramming1\matcherProjectv2.1\matcherProject\Debug\vc100.idb
C:\USERS\GEORGE\DOCUMENTS\GITHUB\GAMESPROGRAMMING1\MATCHERPROJECTV2.1\MATCHERPROJECT\DEBUG\VC100.PDB
